[25Nov2024 00:00:01.138] [Server thread/WARN] [net.minecraft.server.level.ServerPlayerGameMode/]: Mismatch in destroy block pos: BlockPos{x=-70, y=32, z=-92} BlockPos{x=-71, y=31, z=-92}
[25Nov2024 00:00:01.195] [Server thread/WARN] [net.minecraft.server.level.ServerPlayerGameMode/]: Mismatch in destroy block pos: BlockPos{x=-70, y=32, z=-92} BlockPos{x=-71, y=31, z=-92}
[25Nov2024 00:00:01.241] [Server thread/WARN] [net.minecraft.server.level.ServerPlayerGameMode/]: Mismatch in destroy block pos: BlockPos{x=-70, y=32, z=-92} BlockPos{x=-71, y=31, z=-92}
[25Nov2024 00:00:01.288] [Server thread/WARN] [net.minecraft.server.level.ServerPlayerGameMode/]: Mismatch in destroy block pos: BlockPos{x=-70, y=32, z=-92} BlockPos{x=-71, y=31, z=-92}
[25Nov2024 00:00:12.740] [Server thread/WARN] [net.minecraft.server.level.ServerPlayerGameMode/]: Mismatch in destroy block pos: BlockPos{x=-72, y=30, z=-89} BlockPos{x=-72, y=26, z=-88}
[25Nov2024 00:00:16.736] [Server thread/WARN] [net.minecraft.server.level.ServerPlayerGameMode/]: Mismatch in destroy block pos: BlockPos{x=-72, y=20, z=-83} BlockPos{x=-72, y=20, z=-84}
[25Nov2024 00:00:16.788] [Server thread/WARN] [net.minecraft.server.level.ServerPlayerGameMode/]: Mismatch in destroy block pos: BlockPos{x=-72, y=20, z=-83} BlockPos{x=-72, y=20, z=-84}
[25Nov2024 00:00:16.839] [Server thread/WARN] [net.minecraft.server.level.ServerPlayerGameMode/]: Mismatch in destroy block pos: BlockPos{x=-72, y=20, z=-83} BlockPos{x=-72, y=20, z=-84}
[25Nov2024 00:00:18.341] [Server thread/WARN] [net.minecraft.server.level.ServerPlayerGameMode/]: Mismatch in destroy block pos: BlockPos{x=-72, y=20, z=-82} BlockPos{x=-72, y=18, z=-81}
[25Nov2024 00:00:18.388] [Server thread/WARN] [net.minecraft.server.level.ServerPlayerGameMode/]: Mismatch in destroy block pos: BlockPos{x=-72, y=20, z=-82} BlockPos{x=-72, y=18, z=-81}
[25Nov2024 00:00:45.739] [Server thread/WARN] [net.minecraft.server.level.ServerPlayerGameMode/]: Mismatch in destroy block pos: BlockPos{x=-60, y=11, z=-66} BlockPos{x=-63, y=12, z=-67}
[25Nov2024 00:00:45.791] [Server thread/WARN] [net.minecraft.server.level.ServerPlayerGameMode/]: Mismatch in destroy block pos: BlockPos{x=-60, y=11, z=-66} BlockPos{x=-63, y=12, z=-67}
[25Nov2024 00:00:45.839] [Server thread/WARN] [net.minecraft.server.level.ServerPlayerGameMode/]: Mismatch in destroy block pos: BlockPos{x=-60, y=11, z=-66} BlockPos{x=-63, y=12, z=-67}
[25Nov2024 00:00:45.887] [Server thread/WARN] [net.minecraft.server.level.ServerPlayerGameMode/]: Mismatch in destroy block pos: BlockPos{x=-60, y=11, z=-66} BlockPos{x=-63, y=12, z=-67}
[25Nov2024 00:00:45.946] [Server thread/WARN] [net.minecraft.server.level.ServerPlayerGameMode/]: Mismatch in destroy block pos: BlockPos{x=-60, y=11, z=-66} BlockPos{x=-63, y=12, z=-67}
[25Nov2024 00:00:45.995] [Server thread/WARN] [net.minecraft.server.level.ServerPlayerGameMode/]: Mismatch in destroy block pos: BlockPos{x=-60, y=11, z=-66} BlockPos{x=-63, y=12, z=-67}
[25Nov2024 00:00:46.042] [Server thread/WARN] [net.minecraft.server.level.ServerPlayerGameMode/]: Mismatch in destroy block pos: BlockPos{x=-60, y=11, z=-66} BlockPos{x=-63, y=12, z=-67}
[25Nov2024 00:00:46.091] [Server thread/WARN] [net.minecraft.server.level.ServerPlayerGameMode/]: Mismatch in destroy block pos: BlockPos{x=-60, y=11, z=-66} BlockPos{x=-63, y=12, z=-67}
[25Nov2024 00:00:46.142] [Server thread/WARN] [net.minecraft.server.level.ServerPlayerGameMode/]: Mismatch in destroy block pos: BlockPos{x=-60, y=11, z=-66} BlockPos{x=-63, y=12, z=-67}
[25Nov2024 00:00:46.193] [Server thread/WARN] [net.minecraft.server.level.ServerPlayerGameMode/]: Mismatch in destroy block pos: BlockPos{x=-60, y=11, z=-66} BlockPos{x=-63, y=12, z=-67}
[25Nov2024 00:00:46.242] [Server thread/WARN] [net.minecraft.server.level.ServerPlayerGameMode/]: Mismatch in destroy block pos: BlockPos{x=-60, y=11, z=-66} BlockPos{x=-63, y=12, z=-67}
[25Nov2024 00:00:46.290] [Server thread/WARN] [net.minecraft.server.level.ServerPlayerGameMode/]: Mismatch in destroy block pos: BlockPos{x=-60, y=11, z=-66} BlockPos{x=-63, y=12, z=-67}
[25Nov2024 00:00:46.342] [Server thread/WARN] [net.minecraft.server.level.ServerPlayerGameMode/]: Mismatch in destroy block pos: BlockPos{x=-60, y=11, z=-66} BlockPos{x=-63, y=12, z=-67}
[25Nov2024 00:00:46.390] [Server thread/WARN] [net.minecraft.server.level.ServerPlayerGameMode/]: Mismatch in destroy block pos: BlockPos{x=-60, y=11, z=-66} BlockPos{x=-63, y=12, z=-67}
[25Nov2024 00:00:46.443] [Server thread/WARN] [net.minecraft.server.level.ServerPlayerGameMode/]: Mismatch in destroy block pos: BlockPos{x=-60, y=11, z=-66} BlockPos{x=-63, y=12, z=-67}
[25Nov2024 00:00:46.489] [Server thread/WARN] [net.minecraft.server.level.ServerPlayerGameMode/]: Mismatch in destroy block pos: BlockPos{x=-60, y=11, z=-66} BlockPos{x=-63, y=12, z=-67}
[25Nov2024 00:00:46.540] [Server thread/WARN] [net.minecraft.server.level.ServerPlayerGameMode/]: Mismatch in destroy block pos: BlockPos{x=-60, y=11, z=-66} BlockPos{x=-63, y=12, z=-67}
[25Nov2024 00:00:46.594] [Server thread/WARN] [net.minecraft.server.level.ServerPlayerGameMode/]: Mismatch in destroy block pos: BlockPos{x=-60, y=11, z=-66} BlockPos{x=-63, y=12, z=-67}
[25Nov2024 00:00:46.640] [Server thread/WARN] [net.minecraft.server.level.ServerPlayerGameMode/]: Mismatch in destroy block pos: BlockPos{x=-60, y=11, z=-66} BlockPos{x=-63, y=12, z=-67}
[25Nov2024 00:00:48.394] [Server thread/WARN] [net.minecraft.server.level.ServerPlayerGameMode/]: Mismatch in destroy block pos: BlockPos{x=-62, y=11, z=-75} BlockPos{x=-61, y=10, z=-75}
[25Nov2024 00:00:48.443] [Server thread/WARN] [net.minecraft.server.level.ServerPlayerGameMode/]: Mismatch in destroy block pos: BlockPos{x=-62, y=11, z=-75} BlockPos{x=-61, y=10, z=-75}
[25Nov2024 00:01:04.946] [Server thread/WARN] [net.minecraft.server.level.ServerPlayerGameMode/]: Mismatch in destroy block pos: BlockPos{x=-60, y=9, z=-74} BlockPos{x=-58, y=9, z=-73}
[25Nov2024 00:01:04.996] [Server thread/WARN] [net.minecraft.server.level.ServerPlayerGameMode/]: Mismatch in destroy block pos: BlockPos{x=-60, y=9, z=-74} BlockPos{x=-58, y=9, z=-73}
[25Nov2024 00:01:19.440] [Server thread/WARN] [net.minecraft.server.level.ServerPlayerGameMode/]: Mismatch in destroy block pos: BlockPos{x=-56, y=9, z=-72} BlockPos{x=-56, y=8, z=-72}
[25Nov2024 00:01:19.488] [Server thread/WARN] [net.minecraft.server.level.ServerPlayerGameMode/]: Mismatch in destroy block pos: BlockPos{x=-56, y=9, z=-72} BlockPos{x=-56, y=8, z=-72}
[25Nov2024 00:02:01.488] [Server thread/WARN] [net.minecraft.server.level.ServerPlayerGameMode/]: Mismatch in destroy block pos: BlockPos{x=-59, y=11, z=-73} BlockPos{x=-58, y=11, z=-72}
[25Nov2024 00:02:01.540] [Server thread/WARN] [net.minecraft.server.level.ServerPlayerGameMode/]: Mismatch in destroy block pos: BlockPos{x=-59, y=11, z=-73} BlockPos{x=-58, y=11, z=-72}
[25Nov2024 00:02:01.593] [Server thread/WARN] [net.minecraft.server.level.ServerPlayerGameMode/]: Mismatch in destroy block pos: BlockPos{x=-59, y=11, z=-73} BlockPos{x=-58, y=11, z=-72}
[25Nov2024 00:02:20.547] [Server thread/WARN] [net.minecraft.server.level.ServerPlayerGameMode/]: Mismatch in destroy block pos: BlockPos{x=-73, y=14, z=-50} BlockPos{x=-73, y=11, z=-49}
[25Nov2024 00:02:20.597] [Server thread/WARN] [net.minecraft.server.level.ServerPlayerGameMode/]: Mismatch in destroy block pos: BlockPos{x=-73, y=14, z=-50} BlockPos{x=-73, y=11, z=-49}
[25Nov2024 00:02:20.645] [Server thread/WARN] [net.minecraft.server.level.ServerPlayerGameMode/]: Mismatch in destroy block pos: BlockPos{x=-73, y=14, z=-50} BlockPos{x=-73, y=11, z=-49}
[25Nov2024 00:02:20.688] [Server thread/WARN] [net.minecraft.server.level.ServerPlayerGameMode/]: Mismatch in destroy block pos: BlockPos{x=-73, y=14, z=-50} BlockPos{x=-73, y=11, z=-49}
[25Nov2024 00:02:20.740] [Server thread/WARN] [net.minecraft.server.level.ServerPlayerGameMode/]: Mismatch in destroy block pos: BlockPos{x=-73, y=14, z=-50} BlockPos{x=-73, y=11, z=-49}
[25Nov2024 00:02:22.937] [Server thread/WARN] [net.minecraft.server.level.ServerPlayerGameMode/]: Mismatch in destroy block pos: BlockPos{x=-70, y=14, z=-47} BlockPos{x=-70, y=14, z=-48}
[25Nov2024 00:02:22.994] [Server thread/WARN] [net.minecraft.server.level.ServerPlayerGameMode/]: Mismatch in destroy block pos: BlockPos{x=-70, y=14, z=-47} BlockPos{x=-70, y=14, z=-48}
[25Nov2024 00:02:23.041] [Server thread/WARN] [net.minecraft.server.level.ServerPlayerGameMode/]: Mismatch in destroy block pos: BlockPos{x=-70, y=14, z=-47} BlockPos{x=-70, y=14, z=-48}
[25Nov2024 00:02:23.090] [Server thread/WARN] [net.minecraft.server.level.ServerPlayerGameMode/]: Mismatch in destroy block pos: BlockPos{x=-70, y=14, z=-47} BlockPos{x=-70, y=14, z=-48}
[25Nov2024 00:02:23.144] [Server thread/WARN] [net.minecraft.server.level.ServerPlayerGameMode/]: Mismatch in destroy block pos: BlockPos{x=-70, y=14, z=-47} BlockPos{x=-70, y=14, z=-48}
[25Nov2024 00:02:23.239] [Server thread/WARN] [net.minecraft.server.level.ServerPlayerGameMode/]: Mismatch in destroy block pos: BlockPos{x=-70, y=14, z=-47} BlockPos{x=-70, y=14, z=-48}
[25Nov2024 00:02:23.241] [Server thread/WARN] [net.minecraft.server.level.ServerPlayerGameMode/]: Mismatch in destroy block pos: BlockPos{x=-70, y=14, z=-47} BlockPos{x=-70, y=14, z=-48}
[25Nov2024 00:02:23.291] [Server thread/WARN] [net.minecraft.server.level.ServerPlayerGameMode/]: Mismatch in destroy block pos: BlockPos{x=-70, y=14, z=-47} BlockPos{x=-70, y=14, z=-48}
[25Nov2024 00:02:23.343] [Server thread/WARN] [net.minecraft.server.level.ServerPlayerGameMode/]: Mismatch in destroy block pos: BlockPos{x=-70, y=14, z=-47} BlockPos{x=-70, y=14, z=-48}
[25Nov2024 00:02:23.394] [Server thread/WARN] [net.minecraft.server.level.ServerPlayerGameMode/]: Mismatch in destroy block pos: BlockPos{x=-70, y=14, z=-47} BlockPos{x=-70, y=14, z=-48}
[25Nov2024 00:02:23.491] [Server thread/WARN] [net.minecraft.server.level.ServerPlayerGameMode/]: Mismatch in destroy block pos: BlockPos{x=-70, y=14, z=-47} BlockPos{x=-70, y=14, z=-48}
[25Nov2024 00:02:23.493] [Server thread/WARN] [net.minecraft.server.level.ServerPlayerGameMode/]: Mismatch in destroy block pos: BlockPos{x=-70, y=14, z=-47} BlockPos{x=-70, y=14, z=-48}
[25Nov2024 00:02:23.542] [Server thread/WARN] [net.minecraft.server.level.ServerPlayerGameMode/]: Mismatch in destroy block pos: BlockPos{x=-70, y=14, z=-47} BlockPos{x=-70, y=14, z=-48}
[25Nov2024 00:02:23.602] [Server thread/WARN] [net.minecraft.server.level.ServerPlayerGameMode/]: Mismatch in destroy block pos: BlockPos{x=-70, y=14, z=-47} BlockPos{x=-70, y=14, z=-48}
[25Nov2024 00:02:23.641] [Server thread/WARN] [net.minecraft.server.level.ServerPlayerGameMode/]: Mismatch in destroy block pos: BlockPos{x=-70, y=14, z=-47} BlockPos{x=-70, y=14, z=-48}
[25Nov2024 00:02:23.697] [Server thread/WARN] [net.minecraft.server.level.ServerPlayerGameMode/]: Mismatch in destroy block pos: BlockPos{x=-70, y=14, z=-47} BlockPos{x=-70, y=14, z=-48}
[25Nov2024 00:02:23.752] [Server thread/WARN] [net.minecraft.server.level.ServerPlayerGameMode/]: Mismatch in destroy block pos: BlockPos{x=-70, y=14, z=-47} BlockPos{x=-70, y=14, z=-48}
[25Nov2024 00:02:23.797] [Server thread/WARN] [net.minecraft.server.level.ServerPlayerGameMode/]: Mismatch in destroy block pos: BlockPos{x=-70, y=14, z=-47} BlockPos{x=-70, y=14, z=-48}
[25Nov2024 00:02:23.837] [Server thread/WARN] [net.minecraft.server.level.ServerPlayerGameMode/]: Mismatch in destroy block pos: BlockPos{x=-70, y=14, z=-47} BlockPos{x=-70, y=14, z=-48}
[25Nov2024 00:02:23.898] [Server thread/WARN] [net.minecraft.server.level.ServerPlayerGameMode/]: Mismatch in destroy block pos: BlockPos{x=-70, y=14, z=-47} BlockPos{x=-70, y=14, z=-48}
[25Nov2024 00:02:23.941] [Server thread/WARN] [net.minecraft.server.level.ServerPlayerGameMode/]: Mismatch in destroy block pos: BlockPos{x=-70, y=14, z=-47} BlockPos{x=-70, y=14, z=-48}
[25Nov2024 00:02:37.287] [Server thread/WARN] [net.minecraft.server.level.ServerPlayerGameMode/]: Mismatch in destroy block pos: BlockPos{x=-70, y=12, z=-40} BlockPos{x=-70, y=11, z=-41}
[25Nov2024 00:02:37.342] [Server thread/WARN] [net.minecraft.server.level.ServerPlayerGameMode/]: Mismatch in destroy block pos: BlockPos{x=-70, y=12, z=-40} BlockPos{x=-70, y=11, z=-41}
[25Nov2024 00:02:37.390] [Server thread/WARN] [net.minecraft.server.level.ServerPlayerGameMode/]: Mismatch in destroy block pos: BlockPos{x=-70, y=12, z=-40} BlockPos{x=-70, y=11, z=-41}
[25Nov2024 00:02:37.436] [Server thread/WARN] [net.minecraft.server.level.ServerPlayerGameMode/]: Mismatch in destroy block pos: BlockPos{x=-70, y=12, z=-40} BlockPos{x=-70, y=11, z=-41}
[25Nov2024 00:02:37.488] [Server thread/WARN] [net.minecraft.server.level.ServerPlayerGameMode/]: Mismatch in destroy block pos: BlockPos{x=-70, y=12, z=-40} BlockPos{x=-70, y=11, z=-41}
[25Nov2024 00:02:37.547] [Server thread/WARN] [net.minecraft.server.level.ServerPlayerGameMode/]: Mismatch in destroy block pos: BlockPos{x=-70, y=12, z=-40} BlockPos{x=-70, y=11, z=-41}
[25Nov2024 00:02:37.591] [Server thread/WARN] [net.minecraft.server.level.ServerPlayerGameMode/]: Mismatch in destroy block pos: BlockPos{x=-69, y=9, z=-39} BlockPos{x=-70, y=11, z=-41}
[25Nov2024 00:02:37.787] [Server thread/WARN] [net.minecraft.server.level.ServerPlayerGameMode/]: Mismatch in destroy block pos: BlockPos{x=-69, y=12, z=-39} BlockPos{x=-70, y=12, z=-40}
[25Nov2024 00:02:37.840] [Server thread/WARN] [net.minecraft.server.level.ServerPlayerGameMode/]: Mismatch in destroy block pos: BlockPos{x=-69, y=12, z=-39} BlockPos{x=-70, y=12, z=-40}
[25Nov2024 00:02:37.887] [Server thread/WARN] [net.minecraft.server.level.ServerPlayerGameMode/]: Mismatch in destroy block pos: BlockPos{x=-69, y=12, z=-39} BlockPos{x=-70, y=12, z=-40}
[25Nov2024 00:02:37.939] [Server thread/WARN] [net.minecraft.server.level.ServerPlayerGameMode/]: Mismatch in destroy block pos: BlockPos{x=-69, y=12, z=-39} BlockPos{x=-70, y=12, z=-40}
[25Nov2024 00:02:38.005] [Server thread/WARN] [net.minecraft.server.level.ServerPlayerGameMode/]: Mismatch in destroy block pos: BlockPos{x=-69, y=12, z=-39} BlockPos{x=-70, y=12, z=-40}
[25Nov2024 00:02:38.039] [Server thread/WARN] [net.minecraft.server.level.ServerPlayerGameMode/]: Mismatch in destroy block pos: BlockPos{x=-69, y=12, z=-39} BlockPos{x=-70, y=12, z=-40}
[25Nov2024 00:02:38.089] [Server thread/WARN] [net.minecraft.server.level.ServerPlayerGameMode/]: Mismatch in destroy block pos: BlockPos{x=-69, y=12, z=-39} BlockPos{x=-70, y=12, z=-40}
[25Nov2024 00:02:38.136] [Server thread/WARN] [net.minecraft.server.level.ServerPlayerGameMode/]: Mismatch in destroy block pos: BlockPos{x=-69, y=12, z=-39} BlockPos{x=-70, y=12, z=-40}
[25Nov2024 00:02:38.185] [Server thread/WARN] [net.minecraft.server.level.ServerPlayerGameMode/]: Mismatch in destroy block pos: BlockPos{x=-69, y=12, z=-39} BlockPos{x=-70, y=12, z=-40}
[25Nov2024 00:02:38.237] [Server thread/WARN] [net.minecraft.server.level.ServerPlayerGameMode/]: Mismatch in destroy block pos: BlockPos{x=-69, y=12, z=-39} BlockPos{x=-70, y=12, z=-40}
[25Nov2024 00:02:38.286] [Server thread/WARN] [net.minecraft.server.level.ServerPlayerGameMode/]: Mismatch in destroy block pos: BlockPos{x=-69, y=12, z=-39} BlockPos{x=-70, y=12, z=-40}
[25Nov2024 00:02:38.337] [Server thread/WARN] [net.minecraft.server.level.ServerPlayerGameMode/]: Mismatch in destroy block pos: BlockPos{x=-69, y=12, z=-39} BlockPos{x=-70, y=12, z=-40}
[25Nov2024 00:02:38.408] [Server thread/WARN] [net.minecraft.server.level.ServerPlayerGameMode/]: Mismatch in destroy block pos: BlockPos{x=-69, y=12, z=-39} BlockPos{x=-70, y=12, z=-40}
[25Nov2024 00:02:38.448] [Server thread/WARN] [net.minecraft.server.level.ServerPlayerGameMode/]: Mismatch in destroy block pos: BlockPos{x=-69, y=12, z=-39} BlockPos{x=-70, y=12, z=-40}
[25Nov2024 00:02:59.040] [Server thread/WARN] [net.minecraft.server.level.ServerPlayerGameMode/]: Mismatch in destroy block pos: BlockPos{x=-69, y=16, z=-43} BlockPos{x=-70, y=16, z=-43}
[25Nov2024 00:02:59.089] [Server thread/WARN] [net.minecraft.server.level.ServerPlayerGameMode/]: Mismatch in destroy block pos: BlockPos{x=-69, y=16, z=-43} BlockPos{x=-70, y=16, z=-43}
[25Nov2024 00:02:59.139] [Server thread/WARN] [net.minecraft.server.level.ServerPlayerGameMode/]: Mismatch in destroy block pos: BlockPos{x=-69, y=16, z=-43} BlockPos{x=-70, y=16, z=-43}
[25Nov2024 00:02:59.191] [Server thread/WARN] [net.minecraft.server.level.ServerPlayerGameMode/]: Mismatch in destroy block pos: BlockPos{x=-69, y=16, z=-43} BlockPos{x=-70, y=16, z=-43}
[25Nov2024 00:03:00.096] [Server thread/WARN] [net.minecraft.server.level.ServerPlayerGameMode/]: Mismatch in destroy block pos: BlockPos{x=-71, y=17, z=-44} BlockPos{x=-72, y=17, z=-44}
[25Nov2024 00:03:00.141] [Server thread/WARN] [net.minecraft.server.level.ServerPlayerGameMode/]: Mismatch in destroy block pos: BlockPos{x=-71, y=17, z=-44} BlockPos{x=-72, y=17, z=-44}
[25Nov2024 00:03:00.192] [Server thread/WARN] [net.minecraft.server.level.ServerPlayerGameMode/]: Mismatch in destroy block pos: BlockPos{x=-71, y=17, z=-44} BlockPos{x=-72, y=17, z=-44}
[25Nov2024 00:03:00.239] [Server thread/WARN] [net.minecraft.server.level.ServerPlayerGameMode/]: Mismatch in destroy block pos: BlockPos{x=-71, y=17, z=-44} BlockPos{x=-72, y=17, z=-44}
[25Nov2024 00:03:00.289] [Server thread/WARN] [net.minecraft.server.level.ServerPlayerGameMode/]: Mismatch in destroy block pos: BlockPos{x=-71, y=17, z=-44} BlockPos{x=-72, y=17, z=-44}
[25Nov2024 00:03:00.337] [Server thread/WARN] [net.minecraft.server.level.ServerPlayerGameMode/]: Mismatch in destroy block pos: BlockPos{x=-71, y=17, z=-44} BlockPos{x=-72, y=17, z=-44}
[25Nov2024 00:03:00.394] [Server thread/WARN] [net.minecraft.server.level.ServerPlayerGameMode/]: Mismatch in destroy block pos: BlockPos{x=-71, y=17, z=-44} BlockPos{x=-72, y=17, z=-44}
[25Nov2024 00:03:00.444] [Server thread/WARN] [net.minecraft.server.level.ServerPlayerGameMode/]: Mismatch in destroy block pos: BlockPos{x=-71, y=17, z=-44} BlockPos{x=-72, y=17, z=-44}
[25Nov2024 00:03:00.490] [Server thread/WARN] [net.minecraft.server.level.ServerPlayerGameMode/]: Mismatch in destroy block pos: BlockPos{x=-71, y=17, z=-44} BlockPos{x=-72, y=17, z=-44}
[25Nov2024 00:03:55.538] [Server thread/INFO] [net.minecraft.server.MinecraftServer/]: Teleported Einarssini to Barritaaas
[25Nov2024 00:04:18.993] [Server thread/WARN] [net.minecraft.server.level.ServerPlayerGameMode/]: Mismatch in destroy block pos: BlockPos{x=-96, y=18, z=-56} BlockPos{x=-97, y=18, z=-56}
[25Nov2024 00:04:19.050] [Server thread/WARN] [net.minecraft.server.level.ServerPlayerGameMode/]: Mismatch in destroy block pos: BlockPos{x=-96, y=18, z=-56} BlockPos{x=-97, y=18, z=-56}
[25Nov2024 00:04:19.084] [Server thread/WARN] [net.minecraft.server.level.ServerPlayerGameMode/]: Mismatch in destroy block pos: BlockPos{x=-96, y=18, z=-56} BlockPos{x=-97, y=18, z=-56}
[25Nov2024 00:08:53.223] [Server thread/INFO] [net.minecraft.server.MinecraftServer/]: Michiipan was blown up by Creeper
[25Nov2024 00:11:09.528] [Server thread/INFO] [net.minecraft.server.MinecraftServer/]: Einarssini has made the advancement [Eye Spy]
[25Nov2024 00:13:50.575] [Server thread/INFO] [net.minecraft.server.MinecraftServer/]: Barritaaas has made the advancement [Withering Heights]
[25Nov2024 00:14:21.942] [Server thread/INFO] [net.minecraft.server.MinecraftServer/]: Einarssini withered away whilst fighting Enderman
[25Nov2024 00:14:48.215] [Server thread/INFO] [net.minecraft.server.MinecraftServer/]: Michiipan has made the advancement [Let's Get To Work]
[25Nov2024 00:20:38.927] [Server thread/INFO] [net.minecraft.server.MinecraftServer/]: DeadSunrise has made the advancement [Ticket to the End of the World]
[25Nov2024 00:22:02.536] [Server thread/INFO] [net.minecraft.server.MinecraftServer/]: Einarssini has made the advancement [Ticket to the End of the World]
[25Nov2024 00:24:53.087] [Server thread/INFO] [net.minecraft.server.network.ServerGamePacketListenerImpl/]: Barritaaas lost connection: Disconnected
[25Nov2024 00:24:53.088] [Server thread/INFO] [net.minecraft.server.MinecraftServer/]: Barritaaas left the game
[25Nov2024 00:25:06.948] [Server thread/INFO] [net.minecraft.server.players.PlayerList/]: Barritaaas[/25.60.253.131:57342] logged in with entity id 430020 at (-10.538240070924846, 241.0, 6.471166548004537)
[25Nov2024 00:25:06.955] [Server thread/INFO] [net.minecraft.server.MinecraftServer/]: Barritaaas joined the game
[25Nov2024 00:25:06.963] [Server thread/INFO] [Jade/]: Syncing config to Barritaaas (94043f52-81b1-3a22-a207-d497ec3d33f7)
[25Nov2024 00:30:38.384] [Server thread/INFO] [net.minecraft.server.network.ServerGamePacketListenerImpl/]: Michiipan lost connection: Disconnected
[25Nov2024 00:30:38.385] [Server thread/INFO] [net.minecraft.server.MinecraftServer/]: Michiipan left the game
[25Nov2024 00:34:03.038] [Server thread/INFO] [net.minecraft.server.MinecraftServer/]: [Not Secure] <Barritaaas> hice una maquina de cp
[25Nov2024 00:34:09.342] [Server thread/INFO] [net.minecraft.server.MinecraftServer/]: [Not Secure] <Barritaaas> x+
[25Nov2024 00:34:16.697] [Server thread/INFO] [net.minecraft.server.MinecraftServer/]: [Not Secure] <Barritaaas> xp*
[25Nov2024 00:36:12.381] [Server thread/WARN] [net.minecraft.server.level.ServerPlayerGameMode/]: Mismatch in destroy block pos: BlockPos{x=859, y=134, z=-4003175} BlockPos{x=860, y=134, z=-4003174}
[25Nov2024 00:36:12.577] [Server thread/WARN] [net.minecraft.server.level.ServerPlayerGameMode/]: Mismatch in destroy block pos: BlockPos{x=859, y=134, z=-4003175} BlockPos{x=859, y=134, z=-4003174}
[25Nov2024 00:36:12.727] [Server thread/WARN] [net.minecraft.server.level.ServerPlayerGameMode/]: Mismatch in destroy block pos: BlockPos{x=859, y=134, z=-4003175} BlockPos{x=859, y=134, z=-4003174}
[25Nov2024 00:38:29.333] [Server thread/INFO] [net.minecraft.server.MinecraftServer/]: DeadSunrise has reached the goal [Ice Scream]
[25Nov2024 00:41:39.784] [Server thread/INFO] [net.minecraft.server.network.ServerGamePacketListenerImpl/]: Barritaaas lost connection: Disconnected
[25Nov2024 00:41:39.785] [Server thread/INFO] [net.minecraft.server.MinecraftServer/]: Barritaaas left the game
[25Nov2024 00:43:28.905] [Worker-Main-50/ERROR] [net.minecraft.world.entity.decoration.HangingEntity/]: Hanging entity at invalid position: BlockPos{x=39, y=-50, z=-58}
[25Nov2024 00:43:28.908] [Worker-Main-50/ERROR] [net.minecraft.world.entity.decoration.HangingEntity/]: Hanging entity at invalid position: BlockPos{x=43, y=-50, z=-59}
[25Nov2024 00:43:28.910] [Worker-Main-50/ERROR] [net.minecraft.world.entity.decoration.HangingEntity/]: Hanging entity at invalid position: BlockPos{x=44, y=-50, z=-56}
[25Nov2024 00:43:28.911] [Worker-Main-50/ERROR] [net.minecraft.world.entity.decoration.HangingEntity/]: Hanging entity at invalid position: BlockPos{x=45, y=-50, z=-61}
[25Nov2024 00:45:28.271] [Server thread/INFO] [net.minecraft.server.network.ServerGamePacketListenerImpl/]: Einarssini lost connection: Disconnected
[25Nov2024 00:45:28.272] [Server thread/INFO] [net.minecraft.server.MinecraftServer/]: Einarssini left the game
[25Nov2024 00:48:46.018] [Server thread/INFO] [net.minecraft.server.network.ServerGamePacketListenerImpl/]: DeadSunrise lost connection: Disconnected
[25Nov2024 00:48:46.019] [Server thread/INFO] [net.minecraft.server.MinecraftServer/]: DeadSunrise left the game
[25Nov2024 00:49:08.658] [Server thread/INFO] [net.minecraft.server.MinecraftServer/]: Stopping the server
[25Nov2024 00:49:08.709] [Server thread/INFO] [net.minecraft.server.MinecraftServer/]: Stopping server
[25Nov2024 00:49:08.711] [Server thread/INFO] [net.minecraft.server.MinecraftServer/]: Saving players
[25Nov2024 00:49:08.712] [Server thread/INFO] [net.minecraft.server.MinecraftServer/]: Saving worlds
[25Nov2024 00:49:08.799] [Server thread/INFO] [net.minecraft.server.MinecraftServer/]: Saving chunks for level 'ServerLevel[world]'/minecraft:overworld
[25Nov2024 00:49:08.928] [Server thread/INFO] [net.minecraft.server.MinecraftServer/]: Saving chunks for level 'ServerLevel[world]'/minecraft:the_end
[25Nov2024 00:49:08.942] [Server thread/INFO] [net.minecraft.server.MinecraftServer/]: Saving chunks for level 'ServerLevel[world]'/minecraft:the_nether
[25Nov2024 00:49:08.988] [Server thread/INFO] [net.minecraft.server.MinecraftServer/]: ThreadedAnvilChunkStorage (world): All chunks are saved
[25Nov2024 00:49:08.988] [Server thread/INFO] [net.minecraft.server.MinecraftServer/]: ThreadedAnvilChunkStorage (DIM1): All chunks are saved
[25Nov2024 00:49:08.991] [Server thread/INFO] [net.minecraft.server.MinecraftServer/]: ThreadedAnvilChunkStorage (DIM-1): All chunks are saved
[25Nov2024 00:49:08.991] [Server thread/INFO] [net.minecraft.server.MinecraftServer/]: ThreadedAnvilChunkStorage: All dimensions are saved
[25Nov2024 00:49:09.272] [Server thread/INFO] [journeymap/]: Loading JourneyMap Forge Configs
